2025/02/27 10:45:49 {"callers":["D:/mygo/jianyu/blog-service/main.go: 21 main.init.0"],"level":"info","message":"eddycjy: go-programming-tour-book/blog-service","time":1740624349790076700}
2025/02/27 10:50:08 {"callers":["D:/mygo/jianyu/blog-service/main.go: 21 main.init.0"],"level":"info","message":"eddycjy: go-programming-tour-book/blog-service","time":1740624608850178600}
2025/02/27 10:50:13 {"callers":["D:/mygo/jianyu/blog-service/main.go: 21 main.init.0"],"level":"info","message":"eddycjy: go-programming-tour-book/blog-service","time":1740624613675702500}
2025/02/27 11:20:04 {"callers":["D:/mygo/jianyu/blog-service/main.go: 21 main.init.0"],"level":"info","message":"eddycjy: go-programming-tour-book/blog-service","time":1740626404178499500}
2025/02/27 11:24:31 {"callers":["D:/mygo/jianyu/blog-service/main.go: 21 main.init.0"],"level":"info","message":"eddycjy: go-programming-tour-book/blog-service","time":1740626671199553700}
2025/02/27 11:57:23 {"callers":["D:/mygo/jianyu/blog-service/main.go: 21 main.init.0"],"level":"info","message":"eddycjy: go-programming-tour-book/blog-service","time":1740628643224196100}
2025/02/27 15:16:12 {"callers":["D:/mygo/jianyu/blog-service/main.go: 21 main.init.0"],"level":"info","message":"eddycjy: go-programming-tour-book/blog-service","time":1740640572986067600}
2025/02/27 15:17:21 {"callers":["D:/mygo/jianyu/blog-service/main.go: 21 main.init.0"],"level":"info","message":"eddycjy: go-programming-tour-book/blog-service","time":1740640641560981300}
2025/02/27 15:20:28 {"callers":["D:/mygo/jianyu/blog-service/main.go: 21 main.init.0"],"level":"info","message":"eddycjy: go-programming-tour-book/blog-service","time":1740640828006680600}
2025/02/27 15:21:27 {"callers":["D:/mygo/jianyu/blog-service/main.go: 21 main.init.0"],"level":"info","message":"eddycjy: go-programming-tour-book/blog-service","time":1740640887621316100}
2025/02/27 15:29:20 {"callers":["D:/mygo/jianyu/blog-service/main.go: 21 main.init.0"],"level":"info","message":"eddycjy: go-programming-tour-book/blog-service","time":1740641360030427600}
2025/02/27 15:35:19 {"callers":["D:/mygo/jianyu/blog-service/main.go: 21 main.init.0"],"level":"info","message":"eddycjy: go-programming-tour-book/blog-service","time":1740641719631297400}
2025/02/27 15:36:36 {"callers":["D:/mygo/jianyu/blog-service/main.go: 21 main.init.0"],"level":"info","message":"eddycjy: go-programming-tour-book/blog-service","time":1740641796896761000}
2025/02/27 15:37:25 {"callers":["D:/mygo/jianyu/blog-service/main.go: 21 main.init.0"],"level":"info","message":"eddycjy: go-programming-tour-book/blog-service","time":1740641845807524400}
2025/02/27 15:38:56 {"callers":["D:/mygo/jianyu/blog-service/main.go: 21 main.init.0"],"level":"info","message":"eddycjy: go-programming-tour-book/blog-service","time":1740641936671653500}
2025/02/27 15:39:31 {"callers":["D:/mygo/jianyu/blog-service/main.go: 21 main.init.0"],"level":"info","message":"eddycjy: go-programming-tour-book/blog-service","time":1740641971678545900}
2025/02/27 15:56:23 {"callers":["D:/mygo/jianyu/blog-service/main.go: 21 main.init.0"],"level":"info","message":"eddycjy: go-programming-tour-book/blog-service","time":1740642983253487000}
2025/02/27 16:33:29 {"callers":["D:/mygo/jianyu/blog-service/main.go: 21 main.init.0"],"level":"info","message":"eddycjy: go-programming-tour-book/blog-service","time":1740645209499863200}
2025/02/27 16:34:16 {"callers":["D:/mygo/jianyu/blog-service/main.go: 21 main.init.0"],"level":"info","message":"eddycjy: go-programming-tour-book/blog-service","time":1740645256445775900}
2025/02/27 16:34:21 {"callers":["D:/mygo/jianyu/blog-service/main.go: 21 main.init.0"],"level":"info","message":"eddycjy: go-programming-tour-book/blog-service","time":1740645261459365600}
2025/02/27 18:36:31 {"callers":["D:/mygo/jianyu/blog-service/main.go: 21 main.init.0"],"level":"info","message":"eddycjy: go-programming-tour-book/blog-service","time":1740652591397117000}
2025/02/27 18:40:19 {"callers":["D:/mygo/jianyu/blog-service/main.go: 21 main.init.0"],"level":"error","message":"app.BindAndValid errs: State必须是[0 1]中的一个","time":1740652819814126800}
2025/02/27 18:40:24 {"callers":["D:/mygo/jianyu/blog-service/main.go: 21 main.init.0"],"level":"error","message":"app.BindAndValid errs: State必须是[0 1]中的一个","time":1740652824162341300}
2025/02/27 18:52:22 {"callers":["D:/mygo/jianyu/blog-service/main.go: 21 main.init.0"],"level":"error","message":"app.BindAndValid errs: State必须是[0 1]中的一个","time":1740653542882488500}
2025/03/03 18:35:19 {"callers":["D:/mygo/jianyu/blog-service/main.go: 21 main.init.0"],"level":"info","message":"eddycjy: go-programming-tour-book/blog-service","time":1740998119867584400}
2025/03/04 09:07:29 {"callers":["D:/mygo/jianyu/blog-service/main.go: 21 main.init.0"],"level":"info","message":"eddycjy: go-programming-tour-book/blog-service","time":1741050449783228300}
2025/03/04 09:15:29 {"callers":["D:/mygo/jianyu/blog-service/main.go: 21 main.init.0"],"level":"info","message":"eddycjy: go-programming-tour-book/blog-service","time":1741050929011659600}
2025/03/04 09:23:32 {"callers":["d:/mygo/jianyu/blog-service/main.go: 21 main.init.0"],"level":"info","message":"eddycjy: go-programming-tour-book/blog-service","time":1741051412817881800}
2025/03/04 09:25:44 {"callers":["d:/mygo/jianyu/blog-service/main.go: 21 main.init.0"],"level":"info","message":"eddycjy: go-programming-tour-book/blog-service","time":1741051544148271900}
2025/03/04 09:28:09 {"callers":["d:/mygo/jianyu/blog-service/main.go: 21 main.init.0"],"level":"error","message":"app.BindAndValid errs: ","time":1741051689721404600}
2025/03/04 09:28:15 {"callers":["d:/mygo/jianyu/blog-service/main.go: 21 main.init.0"],"level":"error","message":"app.BindAndValid errs: ","time":1741051695286884200}
2025/03/04 09:29:24 {"callers":["d:/mygo/jianyu/blog-service/main.go: 21 main.init.0"],"level":"error","message":"app.BindAndValid errs: ","time":1741051764455741100}
2025/03/04 09:29:26 {"callers":["d:/mygo/jianyu/blog-service/main.go: 21 main.init.0"],"level":"error","message":"app.BindAndValid errs: ","time":1741051766997960300}
2025/03/04 09:29:59 {"callers":["d:/mygo/jianyu/blog-service/main.go: 21 main.init.0"],"level":"info","message":"eddycjy: go-programming-tour-book/blog-service","time":1741051799879795600}
2025/03/04 09:30:38 {"callers":["d:/mygo/jianyu/blog-service/main.go: 21 main.init.0"],"level":"error","message":"app.BindAndValid errs: ","time":1741051838975117600}
2025/03/04 09:32:09 {"callers":["d:/mygo/jianyu/blog-service/main.go: 21 main.init.0"],"level":"error","message":"app.BindAndValid errs: ","time":1741051929833714200}
2025/03/04 10:06:17 {"callers":["d:/mygo/jianyu/blog-service/main.go: 21 main.init.0"],"level":"info","message":"eddycjy: go-programming-tour-book/blog-service","time":1741053977074616200}
2025/03/04 10:07:53 {"callers":["d:/mygo/jianyu/blog-service/main.go: 21 main.init.0"],"level":"error","message":"app.BindAndValid errs: ","time":1741054073283536200}
2025/03/04 10:09:59 {"callers":["d:/mygo/jianyu/blog-service/main.go: 21 main.init.0"],"level":"error","message":"app.BindAndValid errs: ","time":1741054199748763100}
2025/03/04 10:10:22 {"callers":["d:/mygo/jianyu/blog-service/main.go: 21 main.init.0"],"level":"error","message":"app.BindAndValid errs: Name为必填字段,CreateBy为必填字段","time":1741054222152682600}
2025/03/04 10:10:37 {"callers":["d:/mygo/jianyu/blog-service/main.go: 21 main.init.0"],"level":"error","message":"app.BindAndValid errs: ","time":1741054237358504300}
2025/03/04 10:11:14 {"callers":["d:/mygo/jianyu/blog-service/main.go: 21 main.init.0"],"level":"error","message":"app.BindAndValid errs: ","time":1741054274978496700}
2025/03/04 10:12:37 {"callers":["d:/mygo/jianyu/blog-service/main.go: 21 main.init.0"],"level":"error","message":"app.BindAndValid errs: ","time":1741054357684004600}
2025/03/04 10:56:56 {"callers":["D:/mygo/jianyu/blog-service/main.go: 21 main.init.0"],"level":"info","message":"eddycjy: go-programming-tour-book/blog-service","time":1741057016158260600}
2025/03/04 10:57:15 {"callers":["D:/mygo/jianyu/blog-service/main.go: 21 main.init.0"],"level":"error","message":"app.BindAndValid errs: ","time":1741057035348153500}
2025/03/04 10:57:17 {"callers":["D:/mygo/jianyu/blog-service/main.go: 21 main.init.0"],"level":"error","message":"app.BindAndValid errs: ","time":1741057037848551500}
2025/03/04 10:57:18 {"callers":["D:/mygo/jianyu/blog-service/main.go: 21 main.init.0"],"level":"error","message":"app.BindAndValid errs: ","time":1741057038486687800}
2025/03/04 10:57:18 {"callers":["D:/mygo/jianyu/blog-service/main.go: 21 main.init.0"],"level":"error","message":"app.BindAndValid errs: ","time":1741057038704962900}
2025/03/04 10:57:18 {"callers":["D:/mygo/jianyu/blog-service/main.go: 21 main.init.0"],"level":"error","message":"app.BindAndValid errs: ","time":1741057038912457000}
2025/03/04 10:57:34 {"callers":["D:/mygo/jianyu/blog-service/main.go: 21 main.init.0"],"level":"error","message":"app.BindAndValid errs: ","time":1741057054909782900}
2025/03/04 10:58:15 {"callers":["D:/mygo/jianyu/blog-service/main.go: 21 main.init.0"],"level":"error","message":"app.BindAndValid errs: ","time":1741057095884657900}
2025/03/04 10:58:22 {"callers":["D:/mygo/jianyu/blog-service/main.go: 21 main.init.0"],"level":"error","message":"app.BindAndValid errs: ","time":1741057102962793300}
2025/03/04 10:58:34 {"callers":["D:/mygo/jianyu/blog-service/main.go: 21 main.init.0"],"level":"error","message":"app.BindAndValid errs: ","time":1741057114143254900}
2025/03/04 10:58:56 {"callers":["d:/mygo/jianyu/blog-service/main.go: 21 main.init.0"],"level":"info","message":"eddycjy: go-programming-tour-book/blog-service","time":1741057136919994200}
2025/03/04 10:59:37 {"callers":["d:/mygo/jianyu/blog-service/main.go: 21 main.init.0"],"level":"error","message":"app.BindAndValid errs: ","time":1741057177684987800}
2025/03/04 11:00:14 {"callers":["d:/mygo/jianyu/blog-service/main.go: 21 main.init.0"],"level":"error","message":"app.BindAndValid errs: ","time":1741057214124743100}
2025/03/04 11:30:34 {"callers":["D:/mygo/jianyu/blog-service/main.go: 21 main.init.0"],"level":"info","message":"eddycjy: go-programming-tour-book/blog-service","time":1741059034925641500}
2025/03/04 11:30:38 {"callers":["D:/mygo/jianyu/blog-service/main.go: 21 main.init.0"],"level":"error","message":"app.BindAndValid errs: ","time":1741059038322423400}
2025/03/04 11:39:52 {"callers":["D:/mygo/jianyu/blog-service/main.go: 21 main.init.0"],"level":"info","message":"eddycjy: go-programming-tour-book/blog-service","time":1741059592410396900}
2025/03/04 11:40:00 {"callers":["D:/mygo/jianyu/blog-service/main.go: 21 main.init.0"],"level":"error","message":"app.BindAndValid errs: ","time":1741059600202446900}
2025/03/04 11:40:01 {"callers":["D:/mygo/jianyu/blog-service/main.go: 21 main.init.0"],"level":"error","message":"app.BindAndValid errs: ","time":1741059601191529600}
2025/03/04 11:41:25 {"callers":["d:/mygo/jianyu/blog-service/main.go: 21 main.init.0"],"level":"info","message":"eddycjy: go-programming-tour-book/blog-service","time":1741059685022091300}
2025/03/04 11:41:36 {"callers":["d:/mygo/jianyu/blog-service/main.go: 21 main.init.0"],"level":"info","message":"eddycjy: go-programming-tour-book/blog-service","time":1741059696544642900}
2025/03/04 11:53:42 {"callers":["d:/mygo/jianyu/blog-service/main.go: 21 main.init.0"],"level":"error","message":"app.BindAndValid errs: ","time":1741060422502054600}
2025/03/04 11:53:44 {"callers":["d:/mygo/jianyu/blog-service/main.go: 21 main.init.0"],"level":"error","message":"app.BindAndValid errs: ","time":1741060424840268200}
2025/03/04 11:54:15 {"callers":["d:/mygo/jianyu/blog-service/main.go: 21 main.init.0"],"level":"info","message":"eddycjy: go-programming-tour-book/blog-service","time":1741060455145446600}
2025/03/04 11:54:43 {"callers":["D:/mygo/jianyu/blog-service/main.go: 21 main.init.0"],"level":"info","message":"eddycjy: go-programming-tour-book/blog-service","time":1741060483084056300}
2025/03/04 11:57:06 {"callers":["d:/mygo/jianyu/blog-service/main.go: 21 main.init.0"],"level":"info","message":"eddycjy: go-programming-tour-book/blog-service","time":1741060626424252100}
2025/03/04 11:57:20 {"callers":["d:/mygo/jianyu/blog-service/main.go: 21 main.init.0"],"level":"info","message":"jianyu\u0000\u0000\u0000\u0000\u0000\u0000\u0000\u0000\u0000\u0000\u0000\u0000\u0000\u0000\u0000\u0000\u0000\u0000\u0000\u0000\u0000\u0000\u0000\u0000\u0000\u0000\u0000\u0000\u0000\u0000\u0000\u0000\u0000\u0000\u0000\u0000\u0000\u0000\u0000\u0000\u0000\u0000\u0000\u0000\u0000\u0000\u0000\u0000\u0000\u0000\u0000\u0000\u0000\u0000\u0000\u0000\u0000\u0000\u0000\u0000\u0000\u0000\u0000\u0000\u0000\u0000\u0000\u0000\u0000\u0000\u0000\u0000\u0000\u0000\u0000\u0000\u0000\u0000\u0000\u0000\u0000\u0000\u0000\u0000\u0000\u0000\u0000\u0000\u0000\u0000\u0000\u0000\u0000\u0000\u0000\u0000\u0000\u0000\u0000\u0000\u0000\u0000\u0000\u0000\u0000\u0000\u0000\u0000\u0000\u0000\u0000\u0000\u0000\u0000\u0000\u0000\u0000\u0000\u0000\u0000\u0000\u0000\u0000\u0000\u0000\u0000\u0000\u0000\u0000\u0000\u0000\u0000\u0000\u0000\u0000\u0000\u0000\u0000\u0000\u0000\u0000\u0000\u0000\u0000\u0000\u0000\u0000\u0000\u0000\u0000\u0000\u0000\u0000\u0000\u0000\u0000\u0000\u0000\u0000\u0000\u0000\u0000\u0000\u0000\u0000\u0000\u0000\u0000\u0000\u0000\u0000\u0000\u0000\u0000\u0000\u0000\u0000\u0000\u0000\u0000\u0000\u0000\u0000\u0000\u0000\u0000\u0000\u0000\u0000\u0000\u0000\u0000\u0000\u0000\u0000\u0000\u0000\u0000\u0000\u0000\u0000\u0000\u0000\u0000\u0000\u0000\u0000\u0000\u0000\u0000\u0000\u0000\u0000\u0000\u0000\u0000\u0000\u0000\u0000\u0000\u0000\u0000\u0000\u0000\u0000\u0000\u0000\u0000\u0000\u0000\u0000\u0000\u0000\u0000\u0000\u0000\u0000\u0000\u0000\u0000\u0000\u0000\u0000\u0000\u0000\u0000\u0000\u0000\u0000\u0000\u0000\u0000\u0000\u0000\u0000\u0000\u0000\u0000\u0000\u0000\u0000\u0000\u0000\u0000\u0000\u0000\u0000\u0000\u0000\u0000\u0000\u0000\u0000\u0000\u0000\u0000\u0000\u0000\u0000\u0000\u0000\u0000\u0000\u0000\u0000\u0000\u0000\u0000\u0000\u0000\u0000\u0000\u0000\u0000\u0000\u0000\u0000\u0000\u0000\u0000\u0000\u0000\u0000\u0000\u0000\u0000\u0000\u0000\u0000\u0000\u0000\u0000\u0000\u0000\u0000\u0000\u0000\u0000\u0000\u0000\u0000\u0000\u0000\u0000\u0000\u0000\u0000\u0000\u0000\u0000\u0000\u0000\u0000\u0000\u0000\u0000\u0000\u0000\u0000\u0000\u0000\u0000\u0000\u0000\u0000\u0000\u0000\u0000\u0000\u0000\u0000\u0000\u0000\u0000\u0000\u0000\u0000\u0000\u0000\u0000\u0000\u0000\u0000\u0000\u0000\u0000\u0000\u0000\u0000\u0000\u0000\u0000\u0000\u0000\u0000\u0000\u0000\u0000\u0000\u0000\u0000\u0000\u0000\u0000\u0000\u0000\u0000\u0000\u0000\u0000\u0000\u0000\u0000\u0000\u0000\u0000\u0000\u0000\u0000\u0000\u0000\u0000\u0000\u0000\u0000\u0000\u0000\u0000\u0000\u0000\u0000\u0000\u0000\u0000\u0000\u0000\u0000\u0000\u0000\u0000\u0000\u0000\u0000\u0000\u0000\u0000\u0000\u0000\u0000\u0000\u0000\u0000\u0000\u0000\u0000\u0000\u0000\u0000\u0000\u0000\u0000\u0000\u0000\u0000\u0000\u0000\u0000\u0000\u0000\u0000\u0000\u0000\u0000\u0000\u0000\u0000\u0000\u0000\u0000\u0000\u0000\u0000\u0000\u0000\u0000\u0000\u0000\u0000\u0000\u0000\u0000\u0000\u0000\u0000\u0000\u0000\u0000\u0000\u0000\u0000\u0000\u0000\u0000\u0000\u0000\u0000\u0000\u0000\u0000\u0000\u0000\u0000\u0000\u0000\u0000\u0000\u0000\u0000\u0000\u0000\u0000\u0000\u0000\u0000\u0000\u0000\u0000\u0000\u0000\u0000\u0000\u0000\u0000\u0000\u0000\u0000\u0000\u0000\u0000\u0000\u0000\u0000\u0000\u0000\u0000\u0000\u0000\u0000\u0000\u0000\u0000\u0000\u0000\u0000\u0000\u0000\u0000\u0000\u0000\u0000\u0000\u0000\u0000\u0000\u0000\u0000\u0000\u0000\u0000\u0000\u0000\u0000\u0000\u0000\u0000\u0000\u0000\u0000\u0000\u0000\u0000\u0000\u0000\u0000\u0000\u0000\u0000\u0000\u0000\u0000\u0000\u0000\u0000\u0000\u0000\u0000\u0000\u0000\u0000\u0000\u0000\u0000\u0000\u0000\u0000\u0000\u0000\u0000\u0000\u0000\u0000\u0000\u0000\u0000\u0000\u0000\u0000\u0000\u0000\u0000\u0000\u0000\u0000\u0000\u0000\u0000\u0000\u0000\u0000\u0000\u0000\u0000\u0000\u0000\u0000\u0000\u0000\u0000\u0000\u0000\u0000\u0000\u0000\u0000\u0000\u0000\u0000\u0000\u0000\u0000\u0000\u0000\u0000\u0000\u0000\u0000\u0000\u0000\u0000\u0000\u0000\u0000\u0000\u0000\u0000\u0000\u0000\u0000\u0000\u0000\u0000\u0000\u0000\u0000\u0000\u0000\u0000\u0000\u0000\u0000\u0000\u0000\u0000\u0000\u0000\u0000\u0000\u0000\u0000\u0000\u0000\u0000\u0000\u0000\u0000\u0000\u0000\u0000\u0000\u0000\u0000\u0000\u0000\u0000\u0000\u0000\u0000\u0000\u0000\u0000\u0000\u0000\u0000\u0000\u0000\u0000\u0000\u0000\u0000\u0000\u0000\u0000\u0000\u0000\u0000\u0000\u0000\u0000\u0000\u0000\u0000\u0000\u0000\u0000\u0000\u0000\u0000\u0000\u0000\u0000\u0000\u0000\u0000\u0000\u0000\u0000\u0000\u0000\u0000\u0000\u0000\u0000\u0000\u0000\u0000\u0000\u0000\u0000\u0000\u0000\u0000\u0000\u0000\u0000\u0000\u0000\u0000\u0000\u0000\u0000\u0000\u0000\u0000\u0000\u0000\u0000\u0000\u0000\u0000\u0000\u0000\u0000\u0000\u0000\u0000\u0000\u0000\u0000\u0000\u0000\u0000\u0000\u0000\u0000\u0000\u0000\u0000\u0000\u0000\u0000\u0000\u0000\u0000\u0000\u0000\u0000\u0000\u0000\u0000\u0000\u0000\u0000\u0000\u0000\u0000\u0000\u0000\u0000\u0000\u0000\u0000\u0000\u0000\u0000\u0000\u0000\u0000\u0000\u0000\u0000\u0000\u0000\u0000\u0000\u0000\u0000\u0000\u0000\u0000\u0000\u0000\u0000\u0000\u0000\u0000\u0000\u0000\u0000\u0000\u0000\u0000\u0000\u0000\u0000\u0000\u0000\u0000\u0000\u0000\u0000\u0000\u0000\u0000\u0000\u0000\u0000\u0000\u0000\u0000\u0000\u0000\u0000\u0000\u0000\u0000\u0000\u0000\u0000\u0000\u0000\u0000\u0000\u0000\u0000\u0000\u0000\u0000\u0000\u0000\u0000\u0000\u0000\u0000\u0000\u0000\u0000\u0000\u0000\u0000\u0000\u0000\u0000\u0000\u0000\u0000\u0000\u0000\u0000\u0000\u0000\u0000\u0000\u0000\u0000\u0000\u0000\u0000\u0000\u0000\u0000\u0000\u0000\u0000\u0000\u0000\u0000\u0000\u0000\u0000\u0000\u0000\u0000\u0000\u0000\u0000\u0000\u0000\u0000\u0000\u0000\u0000\u0000\u0000\u0000\u0000\u0000\u0000\u0000\u0000\u0000\u0000\u0000\u0000\u0000\u0000\u0000\u0000\u0000\u0000\u0000\u0000\u0000\u0000\u0000\u0000\u0000\u0000\u0000\u0000\u0000\u0000\u0000\u0000\u0000\u0000\u0000\u0000\u0000\u0000\u0000\u0000\u0000\u0000\u0000\u0000\u0000\u0000\u0000\u0000\u0000\u0000\u0000\u0000\u0000\u0000\u0000\u0000\u0000\u0000\u0000\u0000\u0000\u0000\u0000\u0000\u0000\u0000\u0000\u0000\u0000\u0000\u0000\u0000\u0000\u0000\u0000\u0000\u0000\u0000\u0000\u0000\u0000\u0000\u0000\u0000\u0000\u0000\u0000\u0000\u0000\u0000\u0000\u0000\u0000\u0000\u0000\u0000\u0000","time":1741060640174880200}
2025/03/04 11:57:32 {"callers":["d:/mygo/jianyu/blog-service/main.go: 21 main.init.0"],"level":"error","message":"app.BindAndValid errs: ","time":1741060652238080400}
2025/03/04 11:58:43 {"callers":["d:/mygo/jianyu/blog-service/main.go: 21 main.init.0"],"level":"info","message":"eddycjy: go-programming-tour-book/blog-service","time":1741060723940859100}
2025/03/04 11:59:26 {"callers":["d:/mygo/jianyu/blog-service/main.go: 21 main.init.0"],"level":"error","message":"app.BindAndValid errs: ","time":1741060766348854100}
2025/03/04 11:59:49 {"callers":["D:/mygo/jianyu/blog-service/main.go: 21 main.init.0"],"level":"info","message":"eddycjy: go-programming-tour-book/blog-service","time":1741060789716621800}
2025/03/04 12:00:27 {"callers":["D:/mygo/jianyu/blog-service/main.go: 21 main.init.0"],"level":"info","message":"eddycjy: go-programming-tour-book/blog-service","time":1741060827141078000}
2025/03/04 14:20:37 {"callers":["D:/mygo/jianyu/blog-service/main.go: 21 main.init.0"],"level":"info","message":"eddycjy: go-programming-tour-book/blog-service","time":1741069237268308700}
2025/03/04 14:21:16 {"callers":["d:/mygo/jianyu/blog-service/main.go: 21 main.init.0"],"level":"info","message":"eddycjy: go-programming-tour-book/blog-service","time":1741069276572615400}
2025/03/04 14:23:04 {"callers":["d:/mygo/jianyu/blog-service/main.go: 21 main.init.0"],"level":"error","message":"app.BindAndValid errs: ","time":1741069384028614300}
2025/03/04 14:23:09 {"callers":["d:/mygo/jianyu/blog-service/main.go: 21 main.init.0"],"level":"error","message":"app.BindAndValid errs: ","time":1741069389421883700}
2025/03/04 14:26:55 {"callers":["d:/mygo/jianyu/blog-service/main.go: 21 main.init.0"],"level":"error","message":"app.BindAndValid errs: ","time":1741069615433259200}
2025/03/04 14:27:00 {"callers":["d:/mygo/jianyu/blog-service/main.go: 21 main.init.0"],"level":"error","message":"app.BindAndValid errs: ","time":1741069620732138100}
2025/03/04 14:28:39 {"callers":["d:/mygo/jianyu/blog-service/main.go: 21 main.init.0"],"level":"error","message":"app.BindAndValid errs: ","time":1741069719735038300}
2025/03/04 14:30:46 {"callers":["d:/mygo/jianyu/blog-service/main.go: 21 main.init.0"],"level":"error","message":"app.BindAndValid errs: ","time":1741069846641697100}
2025/03/04 14:30:50 {"callers":["D:/mygo/jianyu/blog-service/main.go: 21 main.init.0"],"level":"info","message":"eddycjy: go-programming-tour-book/blog-service","time":1741069850153588400}
2025/03/04 14:35:30 {"callers":["d:/mygo/jianyu/blog-service/main.go: 21 main.init.0"],"level":"info","message":"eddycjy: go-programming-tour-book/blog-service","time":1741070130835438500}
2025/03/04 14:35:47 {"callers":["d:/mygo/jianyu/blog-service/main.go: 21 main.init.0"],"level":"error","message":"svc.CreateTag err: Error 1054 (42S22): Unknown column 'modifed_on' in 'field list'","time":1741070147380533000}
2025/03/04 14:39:27 {"callers":["D:/mygo/jianyu/blog-service/main.go: 21 main.init.0"],"level":"info","message":"eddycjy: go-programming-tour-book/blog-service","time":1741070367242083000}
2025/03/04 14:59:06 {"callers":["D:/mygo/jianyu/blog-service/main.go: 21 main.init.0"],"level":"error","message":"app.BindAndValid errs: Name长度必须至少为3个字符","time":1741071546560723900}
2025/03/04 14:59:19 {"callers":["D:/mygo/jianyu/blog-service/main.go: 21 main.init.0"],"level":"error","message":"app.BindAndValid errs: Name长度必须至少为3个字符","time":1741071559240683200}
2025/03/04 15:01:26 {"callers":["d:/mygo/jianyu/blog-service/main.go: 21 main.init.0"],"level":"info","message":"eddycjy: go-programming-tour-book/blog-service","time":1741071686611472900}
2025/03/04 15:01:38 {"callers":["d:/mygo/jianyu/blog-service/main.go: 21 main.init.0"],"level":"info","message":"eddycjy: go-programming-tour-book/blog-service","time":1741071698618970500}
2025/03/04 15:08:59 {"callers":["d:/mygo/jianyu/blog-service/main.go: 21 main.init.0"],"level":"info","message":"eddycjy: go-programming-tour-book/blog-service","time":1741072139714346000}
2025/03/04 15:20:20 {"callers":["d:/mygo/jianyu/blog-service/main.go: 21 main.init.0"],"level":"info","message":"eddycjy: go-programming-tour-book/blog-service","time":1741072820146048000}
2025/03/04 15:24:09 {"callers":["D:/mygo/jianyu/blog-service/main.go: 21 main.init.0"],"level":"info","message":"eddycjy: go-programming-tour-book/blog-service","time":1741073049961595900}
2025/03/04 15:26:26 {"callers":["D:/mygo/jianyu/blog-service/main.go: 21 main.init.0"],"level":"error","message":"app.BindAndValid errs: Name为必填字段,ID为必填字段","time":1741073186261498800}
2025/03/04 15:28:12 {"callers":["D:/mygo/jianyu/blog-service/main.go: 21 main.init.0"],"level":"error","message":"app.BindAndValid errs: ID为必填字段","time":1741073292377338800}
2025/03/04 15:28:47 {"callers":["D:/mygo/jianyu/blog-service/main.go: 21 main.init.0"],"level":"error","message":"app.BindAndValid errs: ID为必填字段","time":1741073327533921600}
2025/03/04 15:29:23 {"callers":["D:/mygo/jianyu/blog-service/main.go: 21 main.init.0"],"level":"error","message":"app.BindAndValid errs: ID为必填字段","time":1741073363887726600}
2025/03/04 15:29:50 {"callers":["D:/mygo/jianyu/blog-service/main.go: 21 main.init.0"],"level":"error","message":"app.BindAndValid errs: ID为必填字段","time":1741073390948748500}
2025/03/04 15:42:22 {"callers":["D:/mygo/jianyu/blog-service/main.go: 21 main.init.0"],"level":"error","message":"app.BindAndValid errs: ID为必填字段","time":1741074142714716200}
2025/03/04 15:43:01 {"callers":["D:/mygo/jianyu/blog-service/main.go: 21 main.init.0"],"level":"info","message":"eddycjy: go-programming-tour-book/blog-service","time":1741074181489646700}
2025/03/04 15:43:04 {"callers":["D:/mygo/jianyu/blog-service/main.go: 21 main.init.0"],"level":"error","message":"app.BindAndValid errs: ID为必填字段","time":1741074184536373700}
2025/03/04 15:43:06 {"callers":["D:/mygo/jianyu/blog-service/main.go: 21 main.init.0"],"level":"error","message":"app.BindAndValid errs: ID为必填字段","time":1741074186606405500}
2025/03/04 15:43:11 {"callers":["D:/mygo/jianyu/blog-service/main.go: 21 main.init.0"],"level":"error","message":"app.BindAndValid errs: ID为必填字段","time":1741074191816507000}
2025/03/04 15:47:36 {"callers":["d:/mygo/jianyu/blog-service/main.go: 21 main.init.0"],"level":"info","message":"eddycjy: go-programming-tour-book/blog-service","time":1741074456426506000}
2025/03/04 15:47:59 {"callers":["d:/mygo/jianyu/blog-service/main.go: 21 main.init.0"],"level":"error","message":"app.BindAndValid errs: ID为必填字段","time":1741074479997185500}
2025/03/04 15:49:22 {"callers":["d:/mygo/jianyu/blog-service/main.go: 21 main.init.0"],"level":"error","message":"app.BindAndValid errs: ID为必填字段","time":1741074562992772600}
2025/03/04 16:08:09 {"callers":["D:/mygo/jianyu/blog-service/main.go: 21 main.init.0"],"level":"info","message":"eddycjy: go-programming-tour-book/blog-service","time":1741075689256191400}
2025/03/04 16:08:33 {"callers":["D:/mygo/jianyu/blog-service/main.go: 21 main.init.0"],"level":"error","message":"app.BindAndValid errs: ID为必填字段","time":1741075713419671900}
2025/03/04 16:08:38 {"callers":["D:/mygo/jianyu/blog-service/main.go: 21 main.init.0"],"level":"error","message":"app.BindAndValid errs: ID为必填字段","time":1741075718265809200}
2025/03/04 16:14:49 {"callers":["D:/mygo/jianyu/blog-service/main.go: 21 main.init.0"],"level":"info","message":"eddycjy: go-programming-tour-book/blog-service","time":1741076089360236800}
2025/03/04 16:14:56 {"callers":["D:/mygo/jianyu/blog-service/main.go: 21 main.init.0"],"level":"error","message":"app.BindAndValid errs: ID为必填字段","time":1741076096185774800}
2025/03/04 16:14:58 {"callers":["D:/mygo/jianyu/blog-service/main.go: 21 main.init.0"],"level":"error","message":"app.BindAndValid errs: ID为必填字段","time":1741076098994769900}
2025/03/04 16:15:05 {"callers":["D:/mygo/jianyu/blog-service/main.go: 21 main.init.0"],"level":"info","message":"eddycjy: go-programming-tour-book/blog-service","time":1741076105745560200}
2025/03/04 16:16:59 {"callers":["D:/mygo/jianyu/blog-service/main.go: 21 main.init.0"],"level":"error","message":"app.BindAndValid errs: ID为必填字段","time":1741076219519362300}
2025/03/04 16:17:48 {"callers":["d:/mygo/jianyu/blog-service/main.go: 21 main.init.0"],"level":"info","message":"eddycjy: go-programming-tour-book/blog-service","time":1741076268244997800}
2025/03/04 16:17:55 {"callers":["d:/mygo/jianyu/blog-service/main.go: 21 main.init.0"],"level":"info","message":"eddycjy: go-programming-tour-book/blog-service","time":1741076275584423600}
2025/03/04 16:18:08 {"callers":["D:/mygo/jianyu/blog-service/main.go: 21 main.init.0"],"level":"info","message":"eddycjy: go-programming-tour-book/blog-service","time":1741076288357617100}
2025/03/04 16:19:18 {"callers":["d:/mygo/jianyu/blog-service/main.go: 21 main.init.0"],"level":"info","message":"eddycjy: go-programming-tour-book/blog-service","time":1741076358807477600}
2025/03/04 16:58:21 {"callers":["D:/mygo/jianyu/blog-service/main.go: 21 main.init.0"],"level":"info","message":"eddycjy: go-programming-tour-book/blog-service","time":1741078701110337900}
2025/03/04 16:58:24 {"callers":["D:/mygo/jianyu/blog-service/main.go: 21 main.init.0"],"level":"error","message":"app.BindAndValid errs: ID为必填字段","time":1741078704954398400}
2025/03/04 16:58:47 {"callers":["D:/mygo/jianyu/blog-service/main.go: 21 main.init.0"],"level":"error","message":"app.BindAndValid errs: ID为必填字段","time":1741078727348295100}
2025/03/04 16:58:47 {"callers":["D:/mygo/jianyu/blog-service/main.go: 21 main.init.0"],"level":"error","message":"app.BindAndValid errs: ID为必填字段","time":1741078727971832900}
2025/03/04 17:00:07 {"callers":["d:/mygo/jianyu/blog-service/main.go: 21 main.init.0"],"level":"info","message":"eddycjy: go-programming-tour-book/blog-service","time":1741078807256612100}
2025/03/04 17:02:36 {"callers":["D:/mygo/jianyu/blog-service/main.go: 21 main.init.0"],"level":"info","message":"eddycjy: go-programming-tour-book/blog-service","time":1741078956320515600}
2025/03/04 17:06:22 {"callers":["D:/mygo/jianyu/blog-service/main.go: 21 main.init.0"],"level":"info","message":"eddycjy: go-programming-tour-book/blog-service","time":1741079182420432500}
2025/03/04 17:07:16 {"callers":["d:/mygo/jianyu/blog-service/main.go: 21 main.init.0"],"level":"info","message":"eddycjy: go-programming-tour-book/blog-service","time":1741079236332191400}
2025/03/04 17:07:28 {"callers":["d:/mygo/jianyu/blog-service/main.go: 21 main.init.0"],"level":"info","message":"eddycjy: go-programming-tour-book/blog-service","time":1741079248856057200}
2025/03/04 17:09:02 {"callers":["d:/mygo/jianyu/blog-service/main.go: 21 main.init.0"],"level":"info","message":"eddycjy: go-programming-tour-book/blog-service","time":1741079342012351500}
2025/03/04 17:57:20 {"callers":["D:/mygo/jianyu/blog-service/main.go: 21 main.init.0"],"level":"info","message":"eddycjy: go-programming-tour-book/blog-service","time":1741082240461178400}
2025/03/04 17:58:29 {"callers":["d:/mygo/jianyu/blog-service/main.go: 21 main.init.0"],"level":"info","message":"eddycjy: go-programming-tour-book/blog-service","time":1741082309743589500}
2025/03/04 17:58:40 {"callers":["d:/mygo/jianyu/blog-service/main.go: 21 main.init.0"],"level":"info","message":"eddycjy: go-programming-tour-book/blog-service","time":1741082320748024600}
2025/03/04 18:00:39 {"callers":["d:/mygo/jianyu/blog-service/main.go: 21 main.init.0"],"level":"info","message":"eddycjy: go-programming-tour-book/blog-service","time":1741082439304072300}
2025/03/04 18:10:52 {"callers":["d:/mygo/jianyu/blog-service/main.go: 21 main.init.0"],"level":"info","message":"eddycjy: go-programming-tour-book/blog-service","time":1741083052631255100}
2025/03/04 18:17:04 {"callers":["D:/mygo/jianyu/blog-service/main.go: 21 main.init.0"],"level":"info","message":"eddycjy: go-programming-tour-book/blog-service","time":1741083424393537500}
2025/03/05 11:30:39 {"callers":["D:/mygo/jianyu/blog-service/main.go: 21 main.init.0"],"level":"info","message":"eddycjy: go-programming-tour-book/blog-service","time":1741145439366322800}
2025/03/05 11:30:50 {"callers":["D:/mygo/jianyu/blog-service/main.go: 21 main.init.0"],"level":"info","message":"eddycjy: go-programming-tour-book/blog-service","time":1741145450451629300}
2025/03/05 11:42:15 {"callers":["D:/mygo/jianyu/blog-service/main.go: 21 main.init.0"],"level":"info","message":"eddycjy: go-programming-tour-book/blog-service","time":1741146135009963200}
2025/03/05 11:45:32 {"callers":["D:/mygo/jianyu/blog-service/main.go: 21 main.init.0"],"level":"info","message":"eddycjy: go-programming-tour-book/blog-service","time":1741146332065498500}
2025/03/05 15:10:01 {"callers":["D:/mygo/jianyu/blog-service/main.go: 21 main.init.0"],"level":"info","message":"eddycjy: go-programming-tour-book/blog-service","time":1741158601333542400}
2025/03/05 15:10:06 {"callers":["D:/mygo/jianyu/blog-service/main.go: 21 main.init.0"],"level":"info","message":"eddycjy: go-programming-tour-book/blog-service","time":1741158606146686800}
2025/03/05 15:10:09 {"callers":["D:/mygo/jianyu/blog-service/main.go: 21 main.init.0"],"level":"error","message":"app.BindAndValid errs: AppKey为必填字段","time":1741158609673297000}
2025/03/05 15:13:45 {"callers":["D:/mygo/jianyu/blog-service/main.go: 21 main.init.0"],"level":"error","message":"app.BindAndValid errs: AppKey为必填字段","time":1741158825517945100}
2025/03/05 15:14:45 {"callers":["D:/mygo/jianyu/blog-service/main.go: 21 main.init.0"],"level":"error","message":"app.BindAndValid errs: AppKey为必填字段","time":1741158885625514700}
2025/03/05 15:14:51 {"callers":["D:/mygo/jianyu/blog-service/main.go: 21 main.init.0"],"level":"info","message":"eddycjy: go-programming-tour-book/blog-service","time":1741158891259900500}
2025/03/05 15:14:53 {"callers":["D:/mygo/jianyu/blog-service/main.go: 21 main.init.0"],"level":"error","message":"app.BindAndValid errs: AppSecret为必填字段,AppKey为必填字段","time":1741158893311635600}
2025/03/05 15:15:00 {"callers":["D:/mygo/jianyu/blog-service/main.go: 21 main.init.0"],"level":"error","message":"app.BindAndValid errs: AppSecret为必填字段,AppKey为必填字段","time":1741158900354619000}
2025/03/05 15:15:01 {"callers":["D:/mygo/jianyu/blog-service/main.go: 21 main.init.0"],"level":"error","message":"app.BindAndValid errs: AppKey为必填字段,AppSecret为必填字段","time":1741158901557422200}
2025/03/05 15:15:14 {"callers":["D:/mygo/jianyu/blog-service/main.go: 21 main.init.0"],"level":"error","message":"app.BindAndValid errs: AppKey为必填字段,AppSecret为必填字段","time":1741158914944902400}
2025/03/05 15:15:22 {"callers":["D:/mygo/jianyu/blog-service/main.go: 21 main.init.0"],"level":"error","message":"app.BindAndValid errs: AppKey为必填字段,AppSecret为必填字段","time":1741158922552795500}
2025/03/06 10:31:20 {"callers":["D:/mygo/jianyu/blog-service/main.go: 21 main.init.0"],"level":"info","message":"eddycjy: go-programming-tour-book/blog-service","time":1741228280825595900}
2025/03/06 10:33:03 {"callers":["D:/mygo/jianyu/blog-service/main.go: 21 main.init.0"],"level":"error","message":"app.BindAndValid errs: AppKey为必填字段,AppSecret为必填字段","time":1741228383646048300}
2025/03/06 10:34:31 {"callers":["d:/mygo/jianyu/blog-service/main.go: 21 main.init.0"],"level":"info","message":"eddycjy: go-programming-tour-book/blog-service","time":1741228471460035900}
2025/03/06 10:36:49 {"callers":["d:/mygo/jianyu/blog-service/main.go: 21 main.init.0"],"level":"error","message":"app.BindAndValid errs: AppKey为必填字段,AppSecret为必填字段","time":1741228609218086100}
2025/03/06 10:52:33 {"callers":["D:/mygo/jianyu/blog-service/main.go: 21 main.init.0"],"level":"info","message":"eddycjy: go-programming-tour-book/blog-service","time":1741229553386140700}
2025/03/06 11:06:30 {"callers":["D:/mygo/jianyu/blog-service/main.go: 21 main.init.0"],"level":"info","message":"eddycjy: go-programming-tour-book/blog-service","time":1741230390598118800}
2025/03/06 11:06:47 {"callers":["D:/mygo/jianyu/blog-service/main.go: 21 main.init.0"],"level":"error","message":"app.BindAndValid errs: AppKey为必填字段,AppSecret为必填字段","time":1741230407878920300}
2025/03/06 17:32:40 {"callers":["D:/mygo/jianyu/blog-service/main.go: 21 main.init.0"],"level":"info","message":"eddycjy: go-programming-tour-book/blog-service","time":1741253560621366100}
2025/03/06 17:33:04 {"callers":["D:/mygo/jianyu/blog-service/main.go: 21 main.init.0"],"level":"info","message":"eddycjy: go-programming-tour-book/blog-service","time":1741253584616472400}
2025/03/06 17:33:31 {"callers":["D:/mygo/jianyu/blog-service/main.go: 21 main.init.0"],"level":"info","message":"eddycjy: go-programming-tour-book/blog-service","time":1741253611399632900}
2025/03/06 17:34:43 {"callers":["D:/mygo/jianyu/blog-service/main.go: 21 main.init.0"],"level":"info","message":"eddycjy: go-programming-tour-book/blog-service","time":1741253683995279100}
2025/03/06 17:34:55 {"callers":["D:/mygo/jianyu/blog-service/main.go: 21 main.init.0"],"level":"info","message":"eddycjy: go-programming-tour-book/blog-service","time":1741253695267106200}
2025/03/06 17:35:04 {"callers":["D:/mygo/jianyu/blog-service/main.go: 21 main.init.0"],"level":"info","message":"eddycjy: go-programming-tour-book/blog-service","time":1741253704853578900}
2025/03/06 17:35:16 {"callers":["D:/mygo/jianyu/blog-service/main.go: 21 main.init.0"],"level":"info","message":"access log: method: POST, status_code: 200, begin_time: 1741253716, end_time: 1741253716","time":1741253716815673300}
2025/03/06 17:36:31 {"callers":["D:/mygo/jianyu/blog-service/main.go: 21 main.init.0"],"level":"info","message":"access log: method: POST, status_code: 200, begin_time: 1741253791, end_time: 1741253791","time":1741253791762368400}
2025/03/06 17:43:27 {"callers":["d:/mygo/jianyu/blog-service/main.go: 21 main.init.0"],"level":"info","message":"eddycjy: go-programming-tour-book/blog-service","time":1741254196552862200}
2025/03/06 17:43:43 {"callers":["d:/mygo/jianyu/blog-service/main.go: 21 main.init.0"],"level":"info","message":"access log: method: POST, status_code: 200, begin_time: 1741254214, end_time: 1741254214","time":1741254223679143200}
2025/03/06 17:43:49 {"callers":["D:/mygo/jianyu/blog-service/main.go: 21 main.init.0"],"level":"info","message":"eddycjy: go-programming-tour-book/blog-service","time":1741254229146322400}
2025/03/06 17:43:59 {"callers":["d:/mygo/jianyu/blog-service/main.go: 21 main.init.0"],"level":"info","message":"eddycjy: go-programming-tour-book/blog-service","time":1741254239415227600}
2025/03/06 17:44:33 {"callers":["d:/mygo/jianyu/blog-service/main.go: 21 main.init.0"],"level":"info","message":"access log: method: POST, status_code: 200, begin_time: 1741254242, end_time: 1741254242","time":1741254252267463400}
2025/03/06 18:06:52 {"callers":["D:/mygo/jianyu/blog-service/main.go: 21 main.init.0"],"level":"info","message":"eddycjy: go-programming-tour-book/blog-service","time":1741255612542442700}
2025/03/06 18:06:58 {"callers":["D:/mygo/jianyu/blog-service/main.go: 21 main.init.0"],"level":"info","message":"access log: method: POST, status_code: 200, begin_time: 1741255618, end_time: 1741255618","time":1741255618375487900}
2025/03/06 18:09:12 {"callers":["D:/mygo/jianyu/blog-service/main.go: 21 main.init.0"],"level":"info","message":"access log: method: POST, status_code: 200, begin_time: 1741255752, end_time: 1741255752","time":1741255752221342200}
2025/03/06 18:09:16 {"callers":["D:/mygo/jianyu/blog-service/main.go: 21 main.init.0"],"level":"info","message":"eddycjy: go-programming-tour-book/blog-service","time":1741255756663000300}
2025/03/06 18:11:45 {"callers":["D:/mygo/jianyu/blog-service/main.go: 21 main.init.0"],"level":"info","message":"eddycjy: go-programming-tour-book/blog-service","time":1741255905165758400}
